C:\Program Files\Microsoft Visual Studio\2022\Community\MSBuild\Microsoft\VC\v170\Microsoft.CppBuild.targets(531,5): warning MSB8028: промежуточный каталог (x64\Debug\) содержит файлы, которые используются совместно с другим проектом (ConsoleApplication1.vcxproj).  Это может привести к ошибкам очистки и перестроения.
  ConsoleApplication1.cpp
C:\Users\aleks\Desktop\ConsoleApplication1\ConsoleApplication1\struct.h(5,8): error C2011: Task: переопределение типа "struct"
  (компиляция исходного файла "ConsoleApplication1.cpp")
      C:\Users\aleks\Desktop\ConsoleApplication1\ConsoleApplication1\struct.h(5,8):
       см. объявление "Task"
  
C:\Users\aleks\Desktop\ConsoleApplication1\ConsoleApplication1\struct2.h(8,10): error C2079: "ToDoList::tasks" использует не имеющую определения структуру struct "Task"
  (компиляция исходного файла "ConsoleApplication1.cpp")
  
C:\Users\aleks\Desktop\ConsoleApplication1\ConsoleApplication1\struct2.h(46,24): error C2109: для индекса требуется массив или указатель
  (компиляция исходного файла "ConsoleApplication1.cpp")
  
C:\Users\aleks\Desktop\ConsoleApplication1\ConsoleApplication1\struct2.h(47,24): error C2109: для индекса требуется массив или указатель
  (компиляция исходного файла "ConsoleApplication1.cpp")
  
C:\Users\aleks\Desktop\ConsoleApplication1\ConsoleApplication1\struct2.h(48,24): error C2109: для индекса требуется массив или указатель
  (компиляция исходного файла "ConsoleApplication1.cpp")
  
C:\Users\aleks\Desktop\ConsoleApplication1\ConsoleApplication1\struct2.h(49,24): error C2109: для индекса требуется массив или указатель
  (компиляция исходного файла "ConsoleApplication1.cpp")
  
C:\Users\aleks\Desktop\ConsoleApplication1\ConsoleApplication1\struct2.h(63,45): error C2109: для индекса требуется массив или указатель
  (компиляция исходного файла "ConsoleApplication1.cpp")
  
C:\Users\aleks\Desktop\ConsoleApplication1\ConsoleApplication1\struct2.h(71,24): error C2109: для индекса требуется массив или указатель
  (компиляция исходного файла "ConsoleApplication1.cpp")
  
C:\Users\aleks\Desktop\ConsoleApplication1\ConsoleApplication1\struct2.h(71,39): error C2109: для индекса требуется массив или указатель
  (компиляция исходного файла "ConsoleApplication1.cpp")
  
C:\Users\aleks\Desktop\ConsoleApplication1\ConsoleApplication1\struct2.h(91,20): error C2109: для индекса требуется массив или указатель
  (компиляция исходного файла "ConsoleApplication1.cpp")
  
C:\Users\aleks\Desktop\ConsoleApplication1\ConsoleApplication1\struct2.h(104,45): error C2109: для индекса требуется массив или указатель
  (компиляция исходного файла "ConsoleApplication1.cpp")
  
C:\Users\aleks\Desktop\ConsoleApplication1\ConsoleApplication1\struct2.h(111,33): error C2109: для индекса требуется массив или указатель
  (компиляция исходного файла "ConsoleApplication1.cpp")
  
C:\Users\aleks\Desktop\ConsoleApplication1\ConsoleApplication1\struct2.h(128,45): error C2109: для индекса требуется массив или указатель
  (компиляция исходного файла "ConsoleApplication1.cpp")
  
C:\Users\aleks\Desktop\ConsoleApplication1\ConsoleApplication1\struct2.h(134,46): error C2109: для индекса требуется массив или указатель
  (компиляция исходного файла "ConsoleApplication1.cpp")
  
C:\Users\aleks\Desktop\ConsoleApplication1\ConsoleApplication1\struct2.h(134,24): error C2530: task: ссылки должны быть инициализированы
  (компиляция исходного файла "ConsoleApplication1.cpp")
  
C:\Users\aleks\Desktop\ConsoleApplication1\ConsoleApplication1\struct2.h(137,20): error C2027: использование неопределенного типа "Task"
  (компиляция исходного файла "ConsoleApplication1.cpp")
      C:\Users\aleks\Desktop\ConsoleApplication1\ConsoleApplication1\struct.h(5,8):
       см. объявление "Task"
  
C:\Users\aleks\Desktop\ConsoleApplication1\ConsoleApplication1\struct2.h(141,20): error C2027: использование неопределенного типа "Task"
  (компиляция исходного файла "ConsoleApplication1.cpp")
      C:\Users\aleks\Desktop\ConsoleApplication1\ConsoleApplication1\struct.h(5,8):
       см. объявление "Task"
  
C:\Users\aleks\Desktop\ConsoleApplication1\ConsoleApplication1\struct2.h(144,20): error C2027: использование неопределенного типа "Task"
  (компиляция исходного файла "ConsoleApplication1.cpp")
      C:\Users\aleks\Desktop\ConsoleApplication1\ConsoleApplication1\struct.h(5,8):
       см. объявление "Task"
  
C:\Users\aleks\Desktop\ConsoleApplication1\ConsoleApplication1\struct2.h(147,13): error C2027: использование неопределенного типа "Task"
  (компиляция исходного файла "ConsoleApplication1.cpp")
      C:\Users\aleks\Desktop\ConsoleApplication1\ConsoleApplication1\struct.h(5,8):
       см. объявление "Task"
  
C:\Users\aleks\Desktop\ConsoleApplication1\ConsoleApplication1\struct2.h(148,13): error C2027: использование неопределенного типа "Task"
  (компиляция исходного файла "ConsoleApplication1.cpp")
      C:\Users\aleks\Desktop\ConsoleApplication1\ConsoleApplication1\struct.h(5,8):
       см. объявление "Task"
  
C:\Users\aleks\Desktop\ConsoleApplication1\ConsoleApplication1\struct2.h(149,13): error C2027: использование неопределенного типа "Task"
  (компиляция исходного файла "ConsoleApplication1.cpp")
      C:\Users\aleks\Desktop\ConsoleApplication1\ConsoleApplication1\struct.h(5,8):
       см. объявление "Task"
  
